Watching for file changes with StatReloader
/Users/prathamarora/Desktop/Monalisa_complete/MonalisaWellness/monalisa_backend/urls.py changed, reloading.
Watching for file changes with StatReloader
/Users/prathamarora/Desktop/Monalisa_complete/MonalisaWellness/monalisa_backend/urls.py changed, reloading.
Watching for file changes with StatReloader
/Users/prathamarora/Desktop/Monalisa_complete/MonalisaWellness/monalisa_backend/urls.py changed, reloading.
Watching for file changes with StatReloader
/Users/prathamarora/Desktop/Monalisa_complete/MonalisaWellness/monalisa_backend/urls.py changed, reloading.
Watching for file changes with StatReloader
/Users/prathamarora/Desktop/Monalisa_complete/MonalisaWellness/monalisa_backend/urls.py changed, reloading.
Watching for file changes with StatReloader
/Users/prathamarora/Desktop/Monalisa_complete/MonalisaWellness/monalisa_backend/urls.py changed, reloading.
Watching for file changes with StatReloader
Watching for file changes with StatReloader
/Users/prathamarora/Desktop/Monalisa_complete/MonalisaWellness/monalisa_backend/urls.py changed, reloading.
Watching for file changes with StatReloader
/Users/prathamarora/Desktop/Monalisa_complete/MonalisaWellness/monalisa_backend/settings.py changed, reloading.
Watching for file changes with StatReloader
/Users/prathamarora/Desktop/Monalisa_complete/MonalisaWellness/monalisa_backend/settings.py changed, reloading.
Watching for file changes with StatReloader
Watching for file changes with StatReloader
Watching for file changes with StatReloader
/Users/prathamarora/Desktop/Monalisa_complete/MonalisaWellness/monalisa_backend/settings.py changed, reloading.
Watching for file changes with StatReloader
/Users/prathamarora/Desktop/Monalisa_complete/MonalisaWellness/monalisa_backend/settings.py changed, reloading.
Watching for file changes with StatReloader
/Users/prathamarora/Desktop/Monalisa_complete/MonalisaWellness/monalisa_backend/settings.py changed, reloading.
Watching for file changes with StatReloader
Watching for file changes with StatReloader
"GET / HTTP/1.1" 302 0
"GET /admin/ HTTP/1.1" 200 30240
/Users/prathamarora/Desktop/Monalisa_complete/MonalisaWellness/monalisa_backend/settings.py changed, reloading.
Watching for file changes with StatReloader
/Users/prathamarora/Desktop/Monalisa_complete/MonalisaWellness/monalisa_backend/settings.py changed, reloading.
